@storybook/cli v7.0.7

info => Cleaning outputDir: C:\Users\MICHAE~1.PRO\AppData\Local\Temp\chromatic--26652-WEWBkKNa27Tz
info => Loading presets
info => Building manager..
info => Manager built (662 ms)
info => Copying static files: C:\vsdev\workspace\storybook-component-library\node_modules\@storybook\manager\static at C:\Users\MICHAE~1.PRO\AppData\Local\Temp\chromatic--26652-WEWBkKNa27Tz\sb-common-assets
WARN No story files found for the specified pattern: stories\**\*.mdx
[36mvite v4.3.3 [32mbuilding for production...[36m[39m

./sb-common-assets/fonts.css doesn't exist at build time, it will remain unchanged to be resolved at runtime
transforming...

src/assets/fontawesome/webfonts/custom-icons.woff2 referenced in C:/vsdev/workspace/storybook-component-library/src/components/elements/button/Button.vue?vue&type=style&index=0&lang.scss didn't resolve at build time, it will remain unchanged to be resolved at runtime

src/assets/fontawesome/webfonts/custom-icons.woff2 referenced in C:/vsdev/workspace/storybook-component-library/src/components/elements/icon/Icon.vue?vue&type=style&index=0&lang.scss didn't resolve at build time, it will remain unchanged to be resolved at runtime

src/assets/fontawesome/webfonts/custom-icons.ttf referenced in C:/vsdev/workspace/storybook-component-library/src/components/elements/button/Button.vue?vue&type=style&index=0&lang.scss didn't resolve at build time, it will remain unchanged to be resolved at runtime

src/assets/fontawesome/webfonts/custom-icons.ttf referenced in C:/vsdev/workspace/storybook-component-library/src/components/elements/icon/Icon.vue?vue&type=style&index=0&lang.scss didn't resolve at build time, it will remain unchanged to be resolved at runtime

src/assets/fontawesome/webfonts/custom-icons.woff2 referenced in C:/vsdev/workspace/storybook-component-library/src/components/elements/heading/Heading.vue?vue&type=style&index=0&lang.scss didn't resolve at build time, it will remain unchanged to be resolved at runtime

src/assets/fontawesome/webfonts/custom-icons.ttf referenced in C:/vsdev/workspace/storybook-component-library/src/components/elements/heading/Heading.vue?vue&type=style&index=0&lang.scss didn't resolve at build time, it will remain unchanged to be resolved at runtime
Use of eval in "node_modules/telejson/dist/index.mjs" is strongly discouraged as it poses security risks and may cause issues with minification.
Use of eval in "node_modules/telejson/dist/index.mjs" is strongly discouraged as it poses security risks and may cause issues with minification.
[32m✓[39m 525 modules transformed.
rendering chunks...
computing gzip size...
[2m../../../Users/MICHAE~1.PRO/AppData/Local/Temp/chromatic--26652-WEWBkKNa27Tz/[22m[32miframe.html                                            [39m[1m[2m 12.80 kB[22m[1m[22m[2m │ gzip:   3.58 kB[22m
[2m../../../Users/MICHAE~1.PRO/AppData/Local/Temp/chromatic--26652-WEWBkKNa27Tz/[22m[32massets/source-sans-pro-bold-italic-1f7a0936.woff2      [39m[1m[2m 15.19 kB[22m[1m[22m
[2m../../../Users/MICHAE~1.PRO/AppData/Local/Temp/chromatic--26652-WEWBkKNa27Tz/[22m[32massets/source-sans-pro-regular-italic-29b561a8.woff2   [39m[1m[2m 15.28 kB[22m[1m[22m
[2m../../../Users/MICHAE~1.PRO/AppData/Local/Temp/chromatic--26652-WEWBkKNa27Tz/[22m[32massets/source-sans-pro-semibold-italic-553f5fab.woff2  [39m[1m[2m 15.30 kB[22m[1m[22m
[2m../../../Users/MICHAE~1.PRO/AppData/Local/Temp/chromatic--26652-WEWBkKNa27Tz/[22m[32massets/source-sans-pro-light-italic-d3559c81.woff2     [39m[1m[2m 15.32 kB[22m[1m[22m
[2m../../../Users/MICHAE~1.PRO/AppData/Local/Temp/chromatic--26652-WEWBkKNa27Tz/[22m[32massets/source-sans-pro-bold-24f7e397.woff2             [39m[1m[2m 15.76 kB[22m[1m[22m
[2m../../../Users/MICHAE~1.PRO/AppData/Local/Temp/chromatic--26652-WEWBkKNa27Tz/[22m[32massets/source-sans-pro-semibold-efb3cdc5.woff2         [39m[1m[2m 15.95 kB[22m[1m[22m
[2m../../../Users/MICHAE~1.PRO/AppData/Local/Temp/chromatic--26652-WEWBkKNa27Tz/[22m[32massets/source-sans-pro-light-f3d7092e.woff2            [39m[1m[2m 16.06 kB[22m[1m[22m
[2m../../../Users/MICHAE~1.PRO/AppData/Local/Temp/chromatic--26652-WEWBkKNa27Tz/[22m[32massets/source-sans-pro-regular-a9950fa5.woff2          [39m[1m[2m 16.11 kB[22m[1m[22m
[2m../../../Users/MICHAE~1.PRO/AppData/Local/Temp/chromatic--26652-WEWBkKNa27Tz/[22m[32massets/source-sans-pro-semibold-italic-ca250667.woff   [39m[1m[2m 19.21 kB[22m[1m[22m
[2m../../../Users/MICHAE~1.PRO/AppData/Local/Temp/chromatic--26652-WEWBkKNa27Tz/[22m[32massets/source-sans-pro-bold-italic-9eb48dfa.woff       [39m[1m[2m 19.25 kB[22m[1m[22m
[2m../../../Users/MICHAE~1.PRO/AppData/Local/Temp/chromatic--26652-WEWBkKNa27Tz/[22m[32massets/source-sans-pro-regular-italic-40c28dcf.woff    [39m[1m[2m 19.37 kB[22m[1m[22m
[2m../../../Users/MICHAE~1.PRO/AppData/Local/Temp/chromatic--26652-WEWBkKNa27Tz/[22m[32massets/source-sans-pro-light-italic-345fd0bd.woff      [39m[1m[2m 19.41 kB[22m[1m[22m
[2m../../../Users/MICHAE~1.PRO/AppData/Local/Temp/chromatic--26652-WEWBkKNa27Tz/[22m[32massets/source-sans-pro-bold-d8dd0de6.woff              [39m[1m[2m 19.90 kB[22m[1m[22m
[2m../../../Users/MICHAE~1.PRO/AppData/Local/Temp/chromatic--26652-WEWBkKNa27Tz/[22m[32massets/eveleth-clean-regular-68019fc1.woff2            [39m[1m[2m 19.90 kB[22m[1m[22m
[2m../../../Users/MICHAE~1.PRO/AppData/Local/Temp/chromatic--26652-WEWBkKNa27Tz/[22m[32massets/source-sans-pro-semibold-c08efa91.woff          [39m[1m[2m 20.10 kB[22m[1m[22m
[2m../../../Users/MICHAE~1.PRO/AppData/Local/Temp/chromatic--26652-WEWBkKNa27Tz/[22m[32massets/source-sans-pro-regular-38399efe.woff           [39m[1m[2m 20.18 kB[22m[1m[22m
[2m../../../Users/MICHAE~1.PRO/AppData/Local/Temp/chromatic--26652-WEWBkKNa27Tz/[22m[32massets/source-sans-pro-light-4c24262a.woff             [39m[1m[2m 20.20 kB[22m[1m[22m
[2m../../../Users/MICHAE~1.PRO/AppData/Local/Temp/chromatic--26652-WEWBkKNa27Tz/[22m[32massets/eveleth-clean-thin-620e0bef.woff2               [39m[1m[2m 21.50 kB[22m[1m[22m
[2m../../../Users/MICHAE~1.PRO/AppData/Local/Temp/chromatic--26652-WEWBkKNa27Tz/[22m[32massets/eveleth-clean-regular-779944f7.woff             [39m[1m[2m 25.81 kB[22m[1m[22m
[2m../../../Users/MICHAE~1.PRO/AppData/Local/Temp/chromatic--26652-WEWBkKNa27Tz/[22m[32massets/eveleth-clean-thin-61d59355.woff                [39m[1m[2m 27.94 kB[22m[1m[22m
[2m../../../Users/MICHAE~1.PRO/AppData/Local/Temp/chromatic--26652-WEWBkKNa27Tz/[22m[35massets/Icon-8e2df907.css                               [39m[1m[2m168.07 kB[22m[1m[22m[2m │ gzip:  25.86 kB[22m
[2m../../../Users/MICHAE~1.PRO/AppData/Local/Temp/chromatic--26652-WEWBkKNa27Tz/[22m[35massets/Heading.stories-563da735.css                    [39m[1m[2m171.63 kB[22m[1m[22m[2m │ gzip:  26.21 kB[22m
[2m../../../Users/MICHAE~1.PRO/AppData/Local/Temp/chromatic--26652-WEWBkKNa27Tz/[22m[35massets/Button.stories-7745c550.css                     [39m[1m[2m175.26 kB[22m[1m[22m[2m │ gzip:  26.61 kB[22m
[2m../../../Users/MICHAE~1.PRO/AppData/Local/Temp/chromatic--26652-WEWBkKNa27Tz/[22m[36massets/preview-1e5c59db.js                             [39m[1m[2m  0.19 kB[22m[1m[22m[2m │ gzip:   0.19 kB[22m[2m │ map:     0.61 kB[22m
[2m../../../Users/MICHAE~1.PRO/AppData/Local/Temp/chromatic--26652-WEWBkKNa27Tz/[22m[36massets/index-d475d2ea.js                               [39m[1m[2m  0.21 kB[22m[1m[22m[2m │ gzip:   0.17 kB[22m[2m │ map:     0.84 kB[22m
[2m../../../Users/MICHAE~1.PRO/AppData/Local/Temp/chromatic--26652-WEWBkKNa27Tz/[22m[36massets/_commonjsHelpers-725317a4.js                    [39m[1m[2m  0.29 kB[22m[1m[22m[2m │ gzip:   0.23 kB[22m[2m │ map:     0.11 kB[22m
[2m../../../Users/MICHAE~1.PRO/AppData/Local/Temp/chromatic--26652-WEWBkKNa27Tz/[22m[36massets/WithTooltip-FBT32F6Q-56f805a5.js                [39m[1m[2m  0.44 kB[22m[1m[22m[2m │ gzip:   0.28 kB[22m[2m │ map:     0.11 kB[22m
[2m../../../Users/MICHAE~1.PRO/AppData/Local/Temp/chromatic--26652-WEWBkKNa27Tz/[22m[36massets/syntaxhighlighter-QTQ2UBB4-97fb2e60.js          [39m[1m[2m  0.46 kB[22m[1m[22m[2m │ gzip:   0.30 kB[22m[2m │ map:     0.12 kB[22m
[2m../../../Users/MICHAE~1.PRO/AppData/Local/Temp/chromatic--26652-WEWBkKNa27Tz/[22m[36massets/preview-0435c720.js                             [39m[1m[2m  0.69 kB[22m[1m[22m[2m │ gzip:   0.49 kB[22m[2m │ map:     3.83 kB[22m
[2m../../../Users/MICHAE~1.PRO/AppData/Local/Temp/chromatic--26652-WEWBkKNa27Tz/[22m[36massets/preview-311a5036.js                             [39m[1m[2m  0.73 kB[22m[1m[22m[2m │ gzip:   0.45 kB[22m[2m │ map:     1.29 kB[22m
[2m../../../Users/MICHAE~1.PRO/AppData/Local/Temp/chromatic--26652-WEWBkKNa27Tz/[22m[36massets/index-356e4a49.js                               [39m[1m[2m  0.81 kB[22m[1m[22m[2m │ gzip:   0.51 kB[22m[2m │ map:     3.26 kB[22m
[2m../../../Users/MICHAE~1.PRO/AppData/Local/Temp/chromatic--26652-WEWBkKNa27Tz/[22m[36massets/index-8087cde6.js                               [39m[1m[2m  0.84 kB[22m[1m[22m[2m │ gzip:   0.48 kB[22m[2m │ map:     4.29 kB[22m
[2m../../../Users/MICHAE~1.PRO/AppData/Local/Temp/chromatic--26652-WEWBkKNa27Tz/[22m[36massets/preview-b1164a2e.js                             [39m[1m[2m  0.88 kB[22m[1m[22m[2m │ gzip:   0.58 kB[22m[2m │ map:     2.82 kB[22m
[2m../../../Users/MICHAE~1.PRO/AppData/Local/Temp/chromatic--26652-WEWBkKNa27Tz/[22m[36massets/preview-e927063f.js                             [39m[1m[2m  1.06 kB[22m[1m[22m[2m │ gzip:   0.69 kB[22m[2m │ map:     3.22 kB[22m
[2m../../../Users/MICHAE~1.PRO/AppData/Local/Temp/chromatic--26652-WEWBkKNa27Tz/[22m[36massets/preview-47e5b674.js                             [39m[1m[2m  2.40 kB[22m[1m[22m[2m │ gzip:   1.25 kB[22m[2m │ map:    11.02 kB[22m
[2m../../../Users/MICHAE~1.PRO/AppData/Local/Temp/chromatic--26652-WEWBkKNa27Tz/[22m[36massets/index-d37d4223.js                               [39m[1m[2m  2.63 kB[22m[1m[22m[2m │ gzip:   1.30 kB[22m[2m │ map:     7.47 kB[22m
[2m../../../Users/MICHAE~1.PRO/AppData/Local/Temp/chromatic--26652-WEWBkKNa27Tz/[22m[36massets/Icon.stories-e2129dd4.js                        [39m[1m[2m  3.01 kB[22m[1m[22m[2m │ gzip:   0.81 kB[22m[2m │ map:     0.18 kB[22m
[2m../../../Users/MICHAE~1.PRO/AppData/Local/Temp/chromatic--26652-WEWBkKNa27Tz/[22m[36massets/preview-f96f0111.js                             [39m[1m[2m  3.29 kB[22m[1m[22m[2m │ gzip:   1.41 kB[22m[2m │ map:    10.11 kB[22m
[2m../../../Users/MICHAE~1.PRO/AppData/Local/Temp/chromatic--26652-WEWBkKNa27Tz/[22m[36massets/iframe-8b4ae66f.js                              [39m[1m[2m  4.52 kB[22m[1m[22m[2m │ gzip:   1.63 kB[22m[2m │ map:     5.85 kB[22m
[2m../../../Users/MICHAE~1.PRO/AppData/Local/Temp/chromatic--26652-WEWBkKNa27Tz/[22m[36massets/Heading.stories-3dd1d2f8.js                     [39m[1m[2m  5.76 kB[22m[1m[22m[2m │ gzip:   1.64 kB[22m[2m │ map:     3.62 kB[22m
[2m../../../Users/MICHAE~1.PRO/AppData/Local/Temp/chromatic--26652-WEWBkKNa27Tz/[22m[36massets/preview-62235626.js                             [39m[1m[2m  7.69 kB[22m[1m[22m[2m │ gzip:   1.60 kB[22m[2m │ map:    13.71 kB[22m
[2m../../../Users/MICHAE~1.PRO/AppData/Local/Temp/chromatic--26652-WEWBkKNa27Tz/[22m[36massets/preview-e6f1f377.js                             [39m[1m[2m  7.97 kB[22m[1m[22m[2m │ gzip:   3.03 kB[22m[2m │ map:    28.20 kB[22m
[2m../../../Users/MICHAE~1.PRO/AppData/Local/Temp/chromatic--26652-WEWBkKNa27Tz/[22m[36massets/GlobalScrollAreaStyles-XIHNDKUY-5e1c54ea.js     [39m[1m[2m 10.41 kB[22m[1m[22m[2m │ gzip:   2.36 kB[22m[2m │ map:    15.71 kB[22m
[2m../../../Users/MICHAE~1.PRO/AppData/Local/Temp/chromatic--26652-WEWBkKNa27Tz/[22m[36massets/preview-5e4e46ab.js                             [39m[1m[2m 21.08 kB[22m[1m[22m[2m │ gzip:   7.00 kB[22m[2m │ map:    68.03 kB[22m
[2m../../../Users/MICHAE~1.PRO/AppData/Local/Temp/chromatic--26652-WEWBkKNa27Tz/[22m[36massets/Color-3YIJY6X7-c5176563.js                      [39m[1m[2m 31.04 kB[22m[1m[22m[2m │ gzip:  11.66 kB[22m[2m │ map:   112.56 kB[22m
[2m../../../Users/MICHAE~1.PRO/AppData/Local/Temp/chromatic--26652-WEWBkKNa27Tz/[22m[36massets/Icon-faa6f63b.js                                [39m[1m[2m 33.07 kB[22m[1m[22m[2m │ gzip:   6.04 kB[22m[2m │ map:    11.29 kB[22m
[2m../../../Users/MICHAE~1.PRO/AppData/Local/Temp/chromatic--26652-WEWBkKNa27Tz/[22m[36massets/Button.stories-952b7da9.js                      [39m[1m[2m 56.72 kB[22m[1m[22m[2m │ gzip:  17.50 kB[22m[2m │ map:   401.60 kB[22m
[2m../../../Users/MICHAE~1.PRO/AppData/Local/Temp/chromatic--26652-WEWBkKNa27Tz/[22m[36massets/OverlayScrollbars-VAV6LJAB-0199268e.js          [39m[1m[2m 58.99 kB[22m[1m[22m[2m │ gzip:  25.30 kB[22m[2m │ map:   277.32 kB[22m
[2m../../../Users/MICHAE~1.PRO/AppData/Local/Temp/chromatic--26652-WEWBkKNa27Tz/[22m[36massets/_plugin-vue_export-helper-1f63c7fc.js           [39m[1m[2m 71.97 kB[22m[1m[22m[2m │ gzip:  26.59 kB[22m[2m │ map:   713.82 kB[22m
[2m../../../Users/MICHAE~1.PRO/AppData/Local/Temp/chromatic--26652-WEWBkKNa27Tz/[22m[36massets/index-e5b5e982.js                               [39m[1m[2m 78.09 kB[22m[1m[22m[2m │ gzip:  23.31 kB[22m[2m │ map:   323.72 kB[22m
[2m../../../Users/MICHAE~1.PRO/AppData/Local/Temp/chromatic--26652-WEWBkKNa27Tz/[22m[36massets/vue.esm-bundler-8959cf04.js                     [39m[1m[2m136.27 kB[22m[1m[22m[2m │ gzip:  52.64 kB[22m[2m │ map:   943.08 kB[22m
[2m../../../Users/MICHAE~1.PRO/AppData/Local/Temp/chromatic--26652-WEWBkKNa27Tz/[22m[36massets/config-1b62d8c6.js                              [39m[1m[2m155.28 kB[22m[1m[22m[2m │ gzip:  51.84 kB[22m[2m │ map:   348.41 kB[22m
[2m../../../Users/MICHAE~1.PRO/AppData/Local/Temp/chromatic--26652-WEWBkKNa27Tz/[22m[36massets/axe-49d45c1b.js                                 [39m[1m[2m482.71 kB[22m[1m[22m[2m │ gzip: 127.37 kB[22m[2m │ map: 1,711.54 kB[22m
[2m../../../Users/MICHAE~1.PRO/AppData/Local/Temp/chromatic--26652-WEWBkKNa27Tz/[22m[36massets/formatter-S4K5WUZV-d922904f.js                  [39m[1m[33m601.65 kB[39m[22m[2m │ gzip: 185.05 kB[22m[2m │ map: 1,315.98 kB[22m
[2m../../../Users/MICHAE~1.PRO/AppData/Local/Temp/chromatic--26652-WEWBkKNa27Tz/[22m[36massets/DocsRenderer-7FRJXR4N-fd3c71ab.js               [39m[1m[33m646.46 kB[39m[22m[2m │ gzip: 211.06 kB[22m[2m │ map: 1,795.46 kB[22m
[33m
(!) Some chunks are larger than 500 kBs after minification. Consider:
- Using dynamic import() to code-split the application
- Use build.rollupOptions.output.manualChunks to improve chunking: https://rollupjs.org/configuration-options/#output-manualchunks
- Adjust chunk size limit for this warning via build.chunkSizeWarningLimit.[39m
[32m✓ built in 28.77s[39m
info => Output directory: C:\Users\MICHAE~1.PRO\AppData\Local\Temp\chromatic--26652-WEWBkKNa27Tz
